<?xml version="1.0" encoding="UTF-8"?>
<testsuite xmlns:xsi="http://www.w3.org/2001/XMLSchema-instance" xsi:noNamespaceSchemaLocation="https://maven.apache.org/surefire/maven-surefire-plugin/xsd/surefire-test-report.xsd" version="3.0.2" name="com.zitouna.helloworld.HelloworldApplicationTests" time="3.23" tests="1" errors="0" skipped="0" failures="0">
  <properties>
[...]
</properties>
  <testcase name="contextLoads" classname="com.zitouna.helloworld.HelloworldApplicationTests" time="0.756">
    <system-out><![CDATA[13:31:04.081 [main] INFO org.springframework.test.context.support.AnnotationConfigContextLoaderUtils -- Could not detect default configuration classes for test class [com.zitouna.helloworld.HelloworldApplicationTests]: HelloworldApplicationTests does not declare any static, non-private, non-final, nested classes annotated with @Configuration.
13:31:04.223 [main] INFO org.springframework.boot.test.context.SpringBootTestContextBootstrapper -- Found @SpringBootConfiguration com.zitouna.helloworld.HelloworldApplication for test class com.zitouna.helloworld.HelloworldApplicationTests
13:31:04.428 [main] INFO org.springframework.boot.devtools.restart.RestartApplicationListener -- Restart disabled due to context in which it is running

  .   ____          _            __ _ _
 /\\ / ___'_ __ _ _(_)_ __  __ _ \ \ \ \
( ( )\___ | '_ | '_| | '_ \/ _` | \ \ \ \
 \\/  ___)| |_)| | | | | || (_| |  ) ) ) )
  '  |____| .__|_| |_|_| |_\__, | / / / /
 =========|_|==============|___/=/_/_/_/

 :: Spring Boot ::                (v3.5.4)

2025-08-06T13:31:04.789+01:00  INFO 11100 --- [helloworld] [           main] c.z.h.HelloworldApplicationTests         : Starting HelloworldApplicationTests using Java 17.0.8 with PID 11100 (started by amri in C:\Users\amri\Downloads\helloworldt\final_version)
2025-08-06T13:31:04.792+01:00  INFO 11100 --- [helloworld] [           main] c.z.h.HelloworldApplicationTests         : No active profile set, falling back to 1 default profile: "default"
2025-08-06T13:31:06.369+01:00  INFO 11100 --- [helloworld] [           main] c.z.h.HelloworldApplicationTests         : Started HelloworldApplicationTests in 1.954 seconds (process running for 3.114)
]]></system-out>
  </testcase>
</testsuite>